<?xml version="1.0" encoding="UTF-8"?>
<!-- Generated by org.testng.reporters.JUnitXMLReporter -->
<testsuite hostname="Digvijay" name="Default test" tests="3" failures="0" timestamp="24 Jul 2018 16:51:11 GMT" time="0.044" errors="0">
  <testcase name="methodOne" time="0.015" classname="com.TestNGTestCases.TestCases"/>
  <testcase name="methodThree" time="0.002" classname="com.TestNGTestCases.TestCases"/>
  <testcase name="methodTwo" time="0.002" classname="com.TestNGTestCases.TestCases"/>
</testsuite> <!-- Default test -->
