<?xml version="1.0" encoding="UTF-8"?>
<testng-results skipped="0" failed="0" total="3" passed="3">
  <reporter-output>
  </reporter-output>
  <suite name="Default suite" duration-ms="44" started-at="2018-07-24T16:51:11Z" finished-at="2018-07-24T16:51:11Z">
    <groups>
    </groups>
    <test name="Default test" duration-ms="44" started-at="2018-07-24T16:51:11Z" finished-at="2018-07-24T16:51:11Z">
      <class name="com.TestNGTestCases.TestCases">
        <test-method status="PASS" signature="methodOne()[pri:0, instance:com.TestNGTestCases.TestCases@d2e7d9]" name="methodOne" duration-ms="15" started-at="2018-07-24T22:21:11Z" finished-at="2018-07-24T22:21:11Z">
          <reporter-output>
          </reporter-output>
        </test-method> <!-- methodOne -->
        <test-method status="PASS" signature="methodThree()[pri:0, instance:com.TestNGTestCases.TestCases@d2e7d9]" name="methodThree" duration-ms="2" started-at="2018-07-24T22:21:11Z" finished-at="2018-07-24T22:21:11Z">
          <reporter-output>
          </reporter-output>
        </test-method> <!-- methodThree -->
        <test-method status="PASS" signature="methodTwo()[pri:0, instance:com.TestNGTestCases.TestCases@d2e7d9]" name="methodTwo" duration-ms="2" started-at="2018-07-24T22:21:11Z" finished-at="2018-07-24T22:21:11Z">
          <reporter-output>
          </reporter-output>
        </test-method> <!-- methodTwo -->
      </class> <!-- com.TestNGTestCases.TestCases -->
    </test> <!-- Default test -->
  </suite> <!-- Default suite -->
</testng-results>
